<?xml version="1.0" encoding="UTF-8"?>
<!-- Generated by org.testng.reporters.JUnitReportReporter -->
<testsuite hostname="DESKTOP-SA70GI3" failures="0" tests="1" name="RunnerClass.TestRunner$TestRunnerWithJunit" time="14.618" errors="0" timestamp="2024-06-01T12:46:30 IST" skipped="0">
  <testcase classname="RunnerClass.TestRunner$TestRunnerWithJunit" name="runScenario" time="14.618"/>
</testsuite> <!-- RunnerClass.TestRunner$TestRunnerWithJunit -->
