<?xml version="1.0" encoding="UTF-8"?>
<!-- Generated by org.testng.reporters.JUnitReportReporter -->
<testsuite hostname="DESKTOP-SA70GI3" failures="0" tests="1" name="RunnerClass.TestRunnerWithTestNG$TestRunnerWithJunit" time="15.888" errors="0" timestamp="2024-06-01T12:55:40 IST" skipped="0">
  <testcase classname="RunnerClass.TestRunnerWithTestNG$TestRunnerWithJunit" name="runScenario" time="15.888"/>
</testsuite> <!-- RunnerClass.TestRunnerWithTestNG$TestRunnerWithJunit -->
